<!DOCTYPE html>
<html>
<head>
    <title>Unittest Results</title>
    <meta charset="utf-8">
    <meta name="viewport" content="width=device-width, initial-scale=1.0">
    <link rel="stylesheet" href="https://maxcdn.bootstrapcdn.com/bootstrap/3.3.6/css/bootstrap.min.css" integrity="sha384-1q8mTJOASx8j1Au+a5WDVnPi2lkFfwwEAa8hDDdjZlpLegxhjVME1fgjWPGmkzs7" crossorigin="anonymous">
</head>
<body>
    <div class="container">
        <div class="row">
            <div class="col-xs-12">
                <h2 class="text-capitalize">Unittest Results</h2>
                <p class='attribute'><strong>Start Time: </strong>2019-06-06 21:20:24</p>
                <p class='attribute'><strong>Duration: </strong>215.81 s</p>
                <p class='attribute'><strong>Summary: </strong>Total: 4, Pass: 1, Fail: 3</p>
            </div>
        </div>
        <div class="row">
            <div class="col-xs-12 col-sm-10 col-md-10">
                <table class='table table-hover table-responsive'>
                    <thead>
                        <tr>
                            <th>Test_Cases.test_LoginPage.Github_Login_Functionality_validation</th>
                            <th>Status</th>
                            <th></th>
                        </tr>
                    </thead>
                    <tbody>
                        <tr class='danger'>
                            <td class="col-xs-10">test_Login_with_Invalid_Password</td>
                            <td class="col-xs-1">
                                <span class="label label-danger" style="display:block;width:40px;">Fail</span>
                            </td>
                            <td class="col-xs-1">
                                <button class="btn btn-default btn-xs">View</button>
                            </td>
                        </tr>
                        <tr style="display:none;">
                            <td class="col-xs-9" colspan="3"><p style="color:maroon;">AssertionError: False != True</p><p style="color:maroon;">Traceback (most recent call last):
  File "/Users/rakjha/PyProjects/POM_UnitTest_Project/Test_Cases/test_LoginPage.py", line 88, in test_Login_with_Invalid_Password
    self.assertEqual(result, True)
AssertionError: False != True
  File "/Users/rakjha/PyProjects/POM_UnitTest_Project/suite.py", line 28, in <module>
    runner.run(test_suite)
  File "/Library/Frameworks/Python.framework/Versions/3.7/lib/python3.7/site-packages/HtmlTestRunner/runner.py", line 72, in run
    test(result)
  File "/Library/Frameworks/Python.framework/Versions/3.7/lib/python3.7/unittest/suite.py", line 84, in __call__
    return self.run(*args, **kwds)
  File "/Library/Frameworks/Python.framework/Versions/3.7/lib/python3.7/unittest/suite.py", line 122, in run
    test(result)
  File "/Library/Frameworks/Python.framework/Versions/3.7/lib/python3.7/unittest/suite.py", line 84, in __call__
    return self.run(*args, **kwds)
  File "/Library/Frameworks/Python.framework/Versions/3.7/lib/python3.7/unittest/suite.py", line 122, in run
    test(result)
  File "/Library/Frameworks/Python.framework/Versions/3.7/lib/python3.7/unittest/case.py", line 663, in __call__
    return self.run(*args, **kwds)
  File "/Library/Frameworks/Python.framework/Versions/3.7/lib/python3.7/unittest/case.py", line 615, in run
    testMethod()
  File "/Users/rakjha/PyProjects/POM_UnitTest_Project/Test_Cases/test_LoginPage.py", line 85, in test_Login_with_Invalid_Password
    self.lp.UserLogin(parameter1, parameter2)
  File "/Users/rakjha/PyProjects/POM_UnitTest_Project/Page_Objects/LoginPage.py", line 43, in UserLogin
    self.ClickLoginLink()
  File "/Users/rakjha/PyProjects/POM_UnitTest_Project/Page_Objects/LoginPage.py", line 27, in ClickLoginLink
    self.elementClick(self._LoginLink, locatorType="xpath")
  File "/Users/rakjha/PyProjects/POM_UnitTest_Project/Utilities/SeleniumDriver.py", line 89, in elementClick
    print_stack()
</p>
                            </td>
                        </tr>
                        <tr class='danger'>
                            <td class="col-xs-10">test_Login_with_Invalid_UserName</td>
                            <td class="col-xs-1">
                                <span class="label label-danger" style="display:block;width:40px;">Fail</span>
                            </td>
                            <td class="col-xs-1">
                                <button class="btn btn-default btn-xs">View</button>
                            </td>
                        </tr>
                        <tr style="display:none;">
                            <td class="col-xs-9" colspan="3"><p style="color:maroon;">AssertionError: False != True</p><p style="color:maroon;">Traceback (most recent call last):
  File "/Users/rakjha/PyProjects/POM_UnitTest_Project/Test_Cases/test_LoginPage.py", line 72, in test_Login_with_Invalid_UserName
    self.assertEqual(result, True)
AssertionError: False != True
  File "/Users/rakjha/PyProjects/POM_UnitTest_Project/suite.py", line 28, in <module>
    runner.run(test_suite)
  File "/Library/Frameworks/Python.framework/Versions/3.7/lib/python3.7/site-packages/HtmlTestRunner/runner.py", line 72, in run
    test(result)
  File "/Library/Frameworks/Python.framework/Versions/3.7/lib/python3.7/unittest/suite.py", line 84, in __call__
    return self.run(*args, **kwds)
  File "/Library/Frameworks/Python.framework/Versions/3.7/lib/python3.7/unittest/suite.py", line 122, in run
    test(result)
  File "/Library/Frameworks/Python.framework/Versions/3.7/lib/python3.7/unittest/suite.py", line 84, in __call__
    return self.run(*args, **kwds)
  File "/Library/Frameworks/Python.framework/Versions/3.7/lib/python3.7/unittest/suite.py", line 122, in run
    test(result)
  File "/Library/Frameworks/Python.framework/Versions/3.7/lib/python3.7/unittest/case.py", line 663, in __call__
    return self.run(*args, **kwds)
  File "/Library/Frameworks/Python.framework/Versions/3.7/lib/python3.7/unittest/case.py", line 615, in run
    testMethod()
  File "/Users/rakjha/PyProjects/POM_UnitTest_Project/Test_Cases/test_LoginPage.py", line 69, in test_Login_with_Invalid_UserName
    self.lp.UserLogin(parameter1, parameter2)
  File "/Users/rakjha/PyProjects/POM_UnitTest_Project/Page_Objects/LoginPage.py", line 43, in UserLogin
    self.ClickLoginLink()
  File "/Users/rakjha/PyProjects/POM_UnitTest_Project/Page_Objects/LoginPage.py", line 27, in ClickLoginLink
    self.elementClick(self._LoginLink, locatorType="xpath")
  File "/Users/rakjha/PyProjects/POM_UnitTest_Project/Utilities/SeleniumDriver.py", line 89, in elementClick
    print_stack()
</p>
                            </td>
                        </tr>
                        <tr class='success'>
                            <td class="col-xs-10">test_Login_with_valid_credentials</td>
                            <td class="col-xs-1">
                                <span class="label label-success" style="display:block;width:40px;">Pass</span>
                            </td>
                            <td class="col-xs-1">
                            </td>
                        </tr>
                        <tr class='danger'>
                            <td class="col-xs-10">test_Registration</td>
                            <td class="col-xs-1">
                                <span class="label label-danger" style="display:block;width:40px;">Fail</span>
                            </td>
                            <td class="col-xs-1">
                                <button class="btn btn-default btn-xs">View</button>
                            </td>
                        </tr>
                        <tr style="display:none;">
                            <td class="col-xs-9" colspan="3"><p style="color:maroon;">AssertionError: False != True</p><p style="color:maroon;">Traceback (most recent call last):
  File "/Users/rakjha/PyProjects/POM_UnitTest_Project/Test_Cases/test_LoginPage.py", line 39, in test_Registration
    self.assertEqual(result, True)
AssertionError: False != True
</p>
                            </td>
                        </tr>
                        <tr>
                            <td colspan="3">
                                Total: 4, Pass: 1, Fail: 3 -- Duration: 215.81 s
                            </td>
                        </tr>
                    </tbody>
                </table>
            </div>
        </div>
    </div>
    <script src="https://ajax.googleapis.com/ajax/libs/jquery/2.2.4/jquery.min.js"></script>
    <script type="text/javascript">
        $(document).ready(function(){
            $('td').on('click', '.btn', function(e){
                e.preventDefault();
                e.stopImmediatePropagation();
                var $this = $(this);
                var $nextRow = $this.closest('tr').next('tr');
                $nextRow.slideToggle("fast");
                $this.text(function(i, text){
                    if (text === 'View') {
                        return 'Hide';
                    } else {
                        return 'View';
                    };
                });
            });
        });
    </script>
</body>
</html